<?xml version="1.0" encoding="UTF-8"?>
<testng-results ignored="3" total="8" passed="5" failed="0" skipped="0">
  <reporter-output>
  </reporter-output>
  <suite started-at="2022-03-10T12:37:22 IST" name="Suite" finished-at="2022-03-10T12:37:58 IST" duration-ms="35813">
    <groups>
    </groups>
    <test started-at="2022-03-10T12:37:22 IST" name="OrangeHRMLogin" finished-at="2022-03-10T12:37:38 IST" duration-ms="15629">
      <class name="Test.OrangeHRM">
        <test-method is-config="true" signature="InitializeBrowser()[pri:0, instance:Test.OrangeHRM@9597028]" started-at="2022-03-10T12:37:22 IST" name="InitializeBrowser" finished-at="2022-03-10T12:37:26 IST" duration-ms="3412" status="PASS">
          <reporter-output>
          </reporter-output>
        </test-method> <!-- InitializeBrowser -->
        <test-method signature="LaunchApp()[pri:0, instance:Test.OrangeHRM@9597028]" started-at="2022-03-10T12:37:26 IST" name="LaunchApp" finished-at="2022-03-10T12:37:37 IST" duration-ms="11644" status="PASS">
          <reporter-output>
          </reporter-output>
        </test-method> <!-- LaunchApp -->
        <test-method signature="VerifyLogin()[pri:0, instance:Test.OrangeHRM@9597028]" started-at="2022-03-10T12:37:37 IST" name="VerifyLogin" finished-at="2022-03-10T12:37:38 IST" duration-ms="109" status="PASS">
          <reporter-output>
          </reporter-output>
        </test-method> <!-- VerifyLogin -->
        <test-method is-config="true" signature="TearDown()[pri:0, instance:Test.OrangeHRM@9597028]" started-at="2022-03-10T12:37:38 IST" name="TearDown" finished-at="2022-03-10T12:37:38 IST" duration-ms="367" status="PASS">
          <reporter-output>
          </reporter-output>
        </test-method> <!-- TearDown -->
      </class> <!-- Test.OrangeHRM -->
    </test> <!-- OrangeHRMLogin -->
    <test started-at="2022-03-10T12:37:38 IST" name="OrangeHRMMyInfo" finished-at="2022-03-10T12:37:58 IST" duration-ms="20164">
      <class name="Test.OrangeHRM">
        <test-method is-config="true" signature="InitializeBrowser()[pri:0, instance:Test.OrangeHRM@639c2c1d]" started-at="2022-03-10T12:37:38 IST" name="InitializeBrowser" finished-at="2022-03-10T12:37:40 IST" duration-ms="1779" status="PASS">
          <reporter-output>
          </reporter-output>
        </test-method> <!-- InitializeBrowser -->
        <test-method signature="LaunchApp()[pri:0, instance:Test.OrangeHRM@639c2c1d]" started-at="2022-03-10T12:37:40 IST" name="LaunchApp" finished-at="2022-03-10T12:37:55 IST" duration-ms="15224" status="PASS">
          <reporter-output>
          </reporter-output>
        </test-method> <!-- LaunchApp -->
        <test-method signature="NavigateToMyInfo()[pri:0, instance:Test.OrangeHRM@639c2c1d]" started-at="2022-03-10T12:37:55 IST" name="NavigateToMyInfo" finished-at="2022-03-10T12:37:58 IST" duration-ms="2758" status="PASS">
          <reporter-output>
          </reporter-output>
        </test-method> <!-- NavigateToMyInfo -->
        <test-method signature="VerifyMyInfoPage()[pri:0, instance:Test.OrangeHRM@639c2c1d]" started-at="2022-03-10T12:37:58 IST" name="VerifyMyInfoPage" finished-at="2022-03-10T12:37:58 IST" duration-ms="54" status="PASS">
          <reporter-output>
          </reporter-output>
        </test-method> <!-- VerifyMyInfoPage -->
        <test-method is-config="true" signature="TearDown()[pri:0, instance:Test.OrangeHRM@639c2c1d]" started-at="2022-03-10T12:37:58 IST" name="TearDown" finished-at="2022-03-10T12:37:58 IST" duration-ms="330" status="PASS">
          <reporter-output>
          </reporter-output>
        </test-method> <!-- TearDown -->
      </class> <!-- Test.OrangeHRM -->
    </test> <!-- OrangeHRMMyInfo -->
  </suite> <!-- Suite -->
</testng-results>
