<?xml version="1.0" encoding="UTF-8"?>
<testng-results ignored="0" total="1" passed="1" failed="0" skipped="0">
  <reporter-output>
  </reporter-output>
  <suite started-at="2022-03-08T18:08:15 IST" name="Default suite" finished-at="2022-03-08T18:08:15 IST" duration-ms="73">
    <groups>
    </groups>
    <test started-at="2022-03-08T18:08:15 IST" name="Default test" finished-at="2022-03-08T18:08:15 IST" duration-ms="73">
      <class name="Java_Files.PROPERTIES">
        <test-method is-config="true" signature="getProperties()[pri:0, instance:Java_Files.PROPERTIES@74fe5c40]" started-at="2022-03-08T18:08:15 IST" name="getProperties" finished-at="2022-03-08T18:08:15 IST" duration-ms="11" status="PASS">
          <reporter-output>
          </reporter-output>
        </test-method> <!-- getProperties -->
        <test-method signature="testProperties()[pri:0, instance:Java_Files.PROPERTIES@74fe5c40]" started-at="2022-03-08T18:08:15 IST" name="testProperties" finished-at="2022-03-08T18:08:15 IST" duration-ms="7" status="PASS">
          <reporter-output>
          </reporter-output>
        </test-method> <!-- testProperties -->
      </class> <!-- Java_Files.PROPERTIES -->
    </test> <!-- Default test -->
  </suite> <!-- Default suite -->
</testng-results>
