<?xml version="1.0" encoding="UTF-8"?>
<testng-results ignored="0" total="0" passed="0" failed="0" skipped="0">
  <reporter-output>
  </reporter-output>
  <suite started-at="2022-03-11T22:13:50 IST" name="Default suite" finished-at="2022-03-11T22:13:50 IST" duration-ms="338">
    <groups>
    </groups>
    <test started-at="2022-03-11T22:13:50 IST" name="Default test" finished-at="2022-03-11T22:13:50 IST" duration-ms="338">
      <class name="Practice_Page_Package.Practice_Page_Class">
        <test-method is-config="true" signature="OpenBrowser()[pri:0, instance:Practice_Page_Package.Practice_Page_Class@72d1ad2e]" started-at="2022-03-11T22:13:50 IST" name="OpenBrowser" finished-at="2022-03-11T22:13:50 IST" duration-ms="308" status="FAIL">
          <exception class="com.fasterxml.jackson.databind.exc.MismatchedInputException">
            <message>
              <![CDATA[No content to map due to end-of-input
 at [Source: (File); line: 2, column: 1]]]>
            </message>
            <full-stacktrace>
              <![CDATA[com.fasterxml.jackson.databind.exc.MismatchedInputException: No content to map due to end-of-input
 at [Source: (File); line: 2, column: 1]
at com.fasterxml.jackson.databind.exc.MismatchedInputException.from(MismatchedInputException.java:59)
at com.fasterxml.jackson.databind.ObjectMapper._initForReading(ObjectMapper.java:4360)
at com.fasterxml.jackson.databind.ObjectMapper._readMapAndClose(ObjectMapper.java:4205)
at com.fasterxml.jackson.databind.ObjectMapper.readValue(ObjectMapper.java:3079)
at Practice_Page_Package.Practice_Page_Class.OpenBrowser(Practice_Page_Class.java:38)
at java.base/jdk.internal.reflect.NativeMethodAccessorImpl.invoke0(Native Method)
at java.base/jdk.internal.reflect.NativeMethodAccessorImpl.invoke(NativeMethodAccessorImpl.java:77)
at java.base/jdk.internal.reflect.DelegatingMethodAccessorImpl.invoke(DelegatingMethodAccessorImpl.java:43)
at java.base/java.lang.reflect.Method.invoke(Method.java:568)
at org.testng.internal.invokers.MethodInvocationHelper.invokeMethod(MethodInvocationHelper.java:135)
at org.testng.internal.invokers.MethodInvocationHelper.invokeMethodConsideringTimeout(MethodInvocationHelper.java:65)
at org.testng.internal.invokers.ConfigInvoker.invokeConfigurationMethod(ConfigInvoker.java:381)
at org.testng.internal.invokers.ConfigInvoker.invokeConfigurations(ConfigInvoker.java:319)
at org.testng.TestRunner.invokeTestConfigurations(TestRunner.java:645)
at org.testng.TestRunner.beforeRun(TestRunner.java:634)
at org.testng.TestRunner.run(TestRunner.java:596)
at org.testng.SuiteRunner.runTest(SuiteRunner.java:429)
at org.testng.SuiteRunner.runSequentially(SuiteRunner.java:423)
at org.testng.SuiteRunner.privateRun(SuiteRunner.java:383)
at org.testng.SuiteRunner.run(SuiteRunner.java:326)
at org.testng.SuiteRunnerWorker.runSuite(SuiteRunnerWorker.java:52)
at org.testng.SuiteRunnerWorker.run(SuiteRunnerWorker.java:95)
at org.testng.TestNG.runSuitesSequentially(TestNG.java:1249)
at org.testng.TestNG.runSuitesLocally(TestNG.java:1169)
at org.testng.TestNG.runSuites(TestNG.java:1092)
at org.testng.TestNG.run(TestNG.java:1060)
at org.testng.remote.AbstractRemoteTestNG.run(AbstractRemoteTestNG.java:115)
at org.testng.remote.RemoteTestNG.initAndRun(RemoteTestNG.java:251)
at org.testng.remote.RemoteTestNG.main(RemoteTestNG.java:77)
]]>
            </full-stacktrace>
          </exception> <!-- com.fasterxml.jackson.databind.exc.MismatchedInputException -->
          <reporter-output>
          </reporter-output>
        </test-method> <!-- OpenBrowser -->
        <test-method is-config="true" signature="CloseBrowser()[pri:0, instance:Practice_Page_Package.Practice_Page_Class@72d1ad2e]" started-at="2022-03-11T22:13:50 IST" name="CloseBrowser" finished-at="2022-03-11T22:13:50 IST" duration-ms="0" status="SKIP">
          <reporter-output>
          </reporter-output>
        </test-method> <!-- CloseBrowser -->
      </class> <!-- Practice_Page_Package.Practice_Page_Class -->
    </test> <!-- Default test -->
  </suite> <!-- Default suite -->
</testng-results>
