<?xml version="1.0" encoding="UTF-8"?>
<!-- Generated by org.testng.reporters.JUnitXMLReporter -->
<testsuite ignored="0" hostname="LAPTOP-F4OCCG3E" failures="1" tests="1" name="Test" time="20.226" errors="0" timestamp="2022-03-23T16:16:02 IST">
  <testcase classname="Pracpage.PageMain" name="test" time="0.221">
    <failure type="java.lang.ClassCastException" message="class java.lang.String cannot be cast to class java.util.Map (java.lang.String and java.util.Map are in module java.base of loader &amp;apos;bootstrap&amp;apos;)">
      <![CDATA[java.lang.ClassCastException: class java.lang.String cannot be cast to class java.util.Map (java.lang.String and java.util.Map are in module java.base of loader 'bootstrap')
at Pracpage.DynamicYamlReader.parseMap(DynamicYamlReader.java:35)
at Pracpage.DynamicYamlReader.parseMap(DynamicYamlReader.java:35)
at Pracpage.DynamicYamlReader.getMapValue(DynamicYamlReader.java:27)
at Pracpage.DynamicYamlReader.getData(DynamicYamlReader.java:19)
at Pracpage.PageMain.verifyRadio(PageMain.java:70)
at Pracpage.PageMain.test(PageMain.java:155)
at java.base/java.util.ArrayList.forEach(ArrayList.java:1541)
... Removed 31 stack frames]]>
    </failure>
  </testcase> <!-- test -->
</testsuite> <!-- Test -->
