<?xml version="1.0" encoding="UTF-8"?>
<!-- Generated by org.testng.reporters.JUnitXMLReporter -->
<testsuite ignored="1" hostname="LAPTOP-F4OCCG3E" failures="0" tests="3" name="OrangeHRMMyInfo" time="20.164" errors="0" timestamp="2022-03-10T12:37:58 IST">
  <testcase classname="Test.OrangeHRM" name="LaunchApp" time="15.224"/>
  <testcase classname="Test.OrangeHRM" name="NavigateToMyInfo" time="2.758"/>
  <testcase classname="Test.OrangeHRM" name="VerifyMyInfoPage" time="0.054"/>
  <testcase classname="Test.OrangeHRM" name="VerifyLogin" time="0.0">
    <ignored/>
  </testcase> <!-- VerifyLogin -->
</testsuite> <!-- OrangeHRMMyInfo -->
