<?xml version="1.0" encoding="UTF-8"?>
<!-- Generated by org.testng.reporters.JUnitXMLReporter -->
<testsuite ignored="2" hostname="LAPTOP-F4OCCG3E" failures="0" tests="2" name="OrangeHRMLogin" time="15.629" errors="0" timestamp="2022-03-10T12:37:38 IST">
  <testcase classname="Test.OrangeHRM" name="LaunchApp" time="11.644"/>
  <testcase classname="Test.OrangeHRM" name="VerifyLogin" time="0.109"/>
  <testcase classname="Test.OrangeHRM" name="NavigateToMyInfo" time="0.0">
    <ignored/>
  </testcase> <!-- NavigateToMyInfo -->
  <testcase classname="Test.OrangeHRM" name="VerifyMyInfoPage" time="0.0">
    <ignored/>
  </testcase> <!-- VerifyMyInfoPage -->
</testsuite> <!-- OrangeHRMLogin -->
