-------------------------------------------------------------------------------
Test set: TestSuite
-------------------------------------------------------------------------------
Tests run: 1, Failures: 1, Errors: 0, Skipped: 0, Time elapsed: 21.124 s <<< FAILURE! - in TestSuite
Pracpage.PageMain.test  Time elapsed: 0.213 s  <<< FAILURE!
java.lang.ClassCastException: class java.lang.String cannot be cast to class java.util.Map (java.lang.String and java.util.Map are in module java.base of loader 'bootstrap')
	at Pracpage.PageMain.verifyRadio(PageMain.java:70)
	at Pracpage.PageMain.test(PageMain.java:155)

