<?xml version="1.0" encoding="UTF-8"?>
<!-- Generated by org.testng.reporters.JUnitXMLReporter -->
<testsuite ignored="0" hostname="LAPTOP-F4OCCG3E" failures="0" tests="3" name="Default test" time="27.077" errors="0" timestamp="2022-03-25T19:22:11 IST">
  <testcase classname="NDTVYamlPack.NDTVYaml1" name="testNdtvPage" time="21.953"/>
  <testcase classname="NDTVYamlPack.NDTVYaml1" name="testWeatherPage" time="4.59"/>
  <testcase classname="NDTVYamlPack.NDTVYaml1" name="testWeather" time="0.37"/>
</testsuite> <!-- Default test -->
