<?xml version="1.0" encoding="UTF-8"?>
<testng-results ignored="0" total="3" passed="3" failed="0" skipped="0">
  <reporter-output>
  </reporter-output>
  <suite started-at="2022-03-25T19:21:44 IST" name="Default suite" finished-at="2022-03-25T19:22:11 IST" duration-ms="27077">
    <groups>
    </groups>
    <test started-at="2022-03-25T19:21:44 IST" name="Default test" finished-at="2022-03-25T19:22:11 IST" duration-ms="27077">
      <class name="NDTVYamlPack.NDTVYaml1">
        <test-method is-config="true" signature="getYaml()[pri:0, instance:NDTVYamlPack.NDTVYaml1@57a3af25]" started-at="2022-03-25T19:21:44 IST" name="getYaml" finished-at="2022-03-25T19:21:44 IST" duration-ms="91" status="PASS">
          <reporter-output>
          </reporter-output>
        </test-method> <!-- getYaml -->
        <test-method signature="testNdtvPage()[pri:1, instance:NDTVYamlPack.NDTVYaml1@57a3af25]" started-at="2022-03-25T19:21:44 IST" name="testNdtvPage" finished-at="2022-03-25T19:22:06 IST" duration-ms="21953" status="PASS">
          <reporter-output>
          </reporter-output>
        </test-method> <!-- testNdtvPage -->
        <test-method signature="testWeatherPage()[pri:2, instance:NDTVYamlPack.NDTVYaml1@57a3af25]" started-at="2022-03-25T19:22:06 IST" name="testWeatherPage" finished-at="2022-03-25T19:22:11 IST" duration-ms="4590" status="PASS">
          <reporter-output>
          </reporter-output>
        </test-method> <!-- testWeatherPage -->
        <test-method signature="testWeather()[pri:3, instance:NDTVYamlPack.NDTVYaml1@57a3af25]" started-at="2022-03-25T19:22:11 IST" name="testWeather" finished-at="2022-03-25T19:22:11 IST" duration-ms="370" status="PASS">
          <reporter-output>
          </reporter-output>
        </test-method> <!-- testWeather -->
      </class> <!-- NDTVYamlPack.NDTVYaml1 -->
    </test> <!-- Default test -->
  </suite> <!-- Default suite -->
</testng-results>
